# JRE version: Java(TM) SE Runtime Environment (8.0_181-b13) (build 1.8.0_181-b13)
# Java VM: Java HotSpot(TM) 64-Bit Server VM (25.181-b13 mixed mode bsd-amd64 compressed oops)
Heap:
 PSYoungGen      total 130048K, used 40217K [0x000000076ab00000, 0x0000000774980000, 0x00000007c0000000)
  eden space 111104K, 27% used [0x000000076ab00000,0x000000076c951678,0x0000000771780000)
  from space 18944K, 48% used [0x0000000771780000,0x0000000772074eb0,0x0000000772a00000)
  to   space 17920K, 0% used [0x0000000773800000,0x0000000773800000,0x0000000774980000)
 ParOldGen       total 181760K, used 23634K [0x00000006c0000000, 0x00000006cb180000, 0x000000076ab00000)
  object space 181760K, 13% used [0x00000006c0000000,0x00000006c1714a10,0x00000006cb180000)
 Metaspace       used 36468K, capacity 38126K, committed 38400K, reserved 1083392K
  class space    used 4908K, capacity 5315K, committed 5376K, reserved 1048576K
GC Heap History (10 events):
Event: 7.343 GC heap before
{Heap before GC invocations=7 (full 2):
 PSYoungGen      total 76288K, used 6506K [0x000000076ab00000, 0x0000000772300000, 0x00000007c0000000)
  eden space 65536K, 0% used [0x000000076ab00000,0x000000076ab00000,0x000000076eb00000)
  from space 10752K, 60% used [0x000000076eb00000,0x000000076f15a898,0x000000076f580000)
  to   space 13312K, 0% used [0x0000000771600000,0x0000000771600000,0x0000000772300000)
 ParOldGen       total 108544K, used 10392K [0x00000006c0000000, 0x00000006c6a00000, 0x000000076ab00000)
  object space 108544K, 9% used [0x00000006c0000000,0x00000006c0a263f0,0x00000006c6a00000)
 Metaspace       used 33918K, capacity 35384K, committed 35496K, reserved 1079296K
  class space    used 4685K, capacity 5065K, committed 5120K, reserved 1048576K
Event: 7.388 GC heap after
Heap after GC invocations=7 (full 2):
 PSYoungGen      total 76288K, used 0K [0x000000076ab00000, 0x0000000772300000, 0x00000007c0000000)
  eden space 65536K, 0% used [0x000000076ab00000,0x000000076ab00000,0x000000076eb00000)
  from space 10752K, 0% used [0x000000076eb00000,0x000000076eb00000,0x000000076f580000)
  to   space 13312K, 0% used [0x0000000771600000,0x0000000771600000,0x0000000772300000)
 ParOldGen       total 181760K, used 15306K [0x00000006c0000000, 0x00000006cb180000, 0x000000076ab00000)
  object space 181760K, 8% used [0x00000006c0000000,0x00000006c0ef29b8,0x00000006cb180000)
 Metaspace       used 33918K, capacity 35384K, committed 35496K, reserved 1079296K
  class space    used 4685K, capacity 5065K, committed 5120K, reserved 1048576K
}
Event: 8.135 GC heap before
{Heap before GC invocations=8 (full 2):
 PSYoungGen      total 76288K, used 61645K [0x000000076ab00000, 0x0000000772300000, 0x00000007c0000000)
  eden space 65536K, 94% used [0x000000076ab00000,0x000000076e733770,0x000000076eb00000)
  from space 10752K, 0% used [0x000000076eb00000,0x000000076eb00000,0x000000076f580000)
  to   space 13312K, 0% used [0x0000000771600000,0x0000000771600000,0x0000000772300000)
 ParOldGen       total 181760K, used 15306K [0x00000006c0000000, 0x00000006cb180000, 0x000000076ab00000)
  object space 181760K, 8% used [0x00000006c0000000,0x00000006c0ef29b8,0x00000006cb180000)
 Metaspace       used 35686K, capacity 37192K, committed 37376K, reserved 1081344K
  class space    used 4880K, capacity 5282K, committed 5376K, reserved 1048576K
Event: 8.142 GC heap after
Heap after GC invocations=8 (full 2):
 PSYoungGen      total 100352K, used 13298K [0x000000076ab00000, 0x0000000772700000, 0x00000007c0000000)
  eden space 87040K, 0% used [0x000000076ab00000,0x000000076ab00000,0x0000000770000000)
  from space 13312K, 99% used [0x0000000771600000,0x00000007722fc800,0x0000000772300000)
  to   space 19968K, 0% used [0x0000000770000000,0x0000000770000000,0x0000000771380000)
 ParOldGen       total 181760K, used 23607K [0x00000006c0000000, 0x00000006cb180000, 0x000000076ab00000)
  object space 181760K, 12% used [0x00000006c0000000,0x00000006c170ddb8,0x00000006cb180000)
 Metaspace       used 35686K, capacity 37192K, committed 37376K, reserved 1081344K
  class space    used 4880K, capacity 5282K, committed 5376K, reserved 1048576K
}
Event: 10.027 GC heap before
{Heap before GC invocations=9 (full 2):
 PSYoungGen      total 100352K, used 100338K [0x000000076ab00000, 0x0000000772700000, 0x00000007c0000000)
  eden space 87040K, 100% used [0x000000076ab00000,0x0000000770000000,0x0000000770000000)
  from space 13312K, 99% used [0x0000000771600000,0x00000007722fc800,0x0000000772300000)
  to   space 19968K, 0% used [0x0000000770000000,0x0000000770000000,0x0000000771380000)
 ParOldGen       total 181760K, used 23607K [0x00000006c0000000, 0x00000006cb180000, 0x000000076ab00000)
  object space 181760K, 12% used [0x00000006c0000000,0x00000006c170df40,0x00000006cb180000)
 Metaspace       used 36070K, capacity 37592K, committed 37888K, reserved 1081344K
  class space    used 4881K, capacity 5284K, committed 5376K, reserved 1048576K
Event: 10.035 GC heap after
Heap after GC invocations=9 (full 2):
 PSYoungGen      total 107008K, used 12261K [0x000000076ab00000, 0x0000000774000000, 0x00000007c0000000)
  eden space 87040K, 0% used [0x000000076ab00000,0x000000076ab00000,0x0000000770000000)
  from space 19968K, 61% used [0x0000000770000000,0x0000000770bf9798,0x0000000771380000)
  to   space 19456K, 0% used [0x0000000772d00000,0x0000000772d00000,0x0000000774000000)
 ParOldGen       total 181760K, used 23615K [0x00000006c0000000, 0x00000006cb180000, 0x000000076ab00000)
  object space 181760K, 12% used [0x00000006c0000000,0x00000006c170ff40,0x00000006cb180000)
 Metaspace       used 36070K, capacity 37592K, committed 37888K, reserved 1081344K
  class space    used 4881K, capacity 5284K, committed 5376K, reserved 1048576K
}
Event: 12.342 GC heap before
{Heap before GC invocations=10 (full 2):
 PSYoungGen      total 107008K, used 99301K [0x000000076ab00000, 0x0000000774000000, 0x00000007c0000000)
  eden space 87040K, 100% used [0x000000076ab00000,0x0000000770000000,0x0000000770000000)
  from space 19968K, 61% used [0x0000000770000000,0x0000000770bf9798,0x0000000771380000)
  to   space 19456K, 0% used [0x0000000772d00000,0x0000000772d00000,0x0000000774000000)
 ParOldGen       total 181760K, used 23618K [0x00000006c0000000, 0x00000006cb180000, 0x000000076ab00000)
  object space 181760K, 12% used [0x00000006c0000000,0x00000006c1710a10,0x00000006cb180000)
 Metaspace       used 36244K, capacity 37804K, committed 38144K, reserved 1081344K
  class space    used 4884K, capacity 5286K, committed 5376K, reserved 1048576K
Event: 12.349 GC heap after
Heap after GC invocations=10 (full 2):
 PSYoungGen      total 126976K, used 9170K [0x000000076ab00000, 0x0000000773c80000, 0x00000007c0000000)
  eden space 111104K, 0% used [0x000000076ab00000,0x000000076ab00000,0x0000000771780000)
  from space 15872K, 57% used [0x0000000772d00000,0x00000007735f49d8,0x0000000773c80000)
  to   space 18944K, 0% used [0x0000000771780000,0x0000000771780000,0x0000000772a00000)
 ParOldGen       total 181760K, used 23626K [0x00000006c0000000, 0x00000006cb180000, 0x000000076ab00000)
  object space 181760K, 12% used [0x00000006c0000000,0x00000006c1712a10,0x00000006cb180000)
 Metaspace       used 36244K, capacity 37804K, committed 38144K, reserved 1081344K
  class space    used 4884K, capacity 5286K, committed 5376K, reserved 1048576K
}
Event: 14.928 GC heap before
{Heap before GC invocations=11 (full 2):
 PSYoungGen      total 126976K, used 120274K [0x000000076ab00000, 0x0000000773c80000, 0x00000007c0000000)
  eden space 111104K, 100% used [0x000000076ab00000,0x0000000771780000,0x0000000771780000)
  from space 15872K, 57% used [0x0000000772d00000,0x00000007735f49d8,0x0000000773c80000)
  to   space 18944K, 0% used [0x0000000771780000,0x0000000771780000,0x0000000772a00000)
 ParOldGen       total 181760K, used 23626K [0x00000006c0000000, 0x00000006cb180000, 0x000000076ab00000)
  object space 181760K, 12% used [0x00000006c0000000,0x00000006c1712a10,0x00000006cb180000)
 Metaspace       used 36428K, capacity 38062K, committed 38144K, reserved 1081344K
  class space    used 4901K, capacity 5303K, committed 5376K, reserved 1048576K
Event: 14.931 GC heap after
Heap after GC invocations=11 (full 2):
 PSYoungGen      total 130048K, used 9171K [0x000000076ab00000, 0x0000000774980000, 0x00000007c0000000)
  eden space 111104K, 0% used [0x000000076ab00000,0x000000076ab00000,0x0000000771780000)
  from space 18944K, 48% used [0x0000000771780000,0x0000000772074eb0,0x0000000772a00000)
  to   space 17920K, 0% used [0x0000000773800000,0x0000000773800000,0x0000000774980000)
 ParOldGen       total 181760K, used 23634K [0x00000006c0000000, 0x00000006cb180000, 0x000000076ab00000)
  object space 181760K, 13% used [0x00000006c0000000,0x00000006c1714a10,0x00000006cb180000)
 Metaspace       used 36428K, capacity 38062K, committed 38144K, reserved 1081344K
  class space    used 4901K, capacity 5303K, committed 5376K, reserved 1048576K
}

