# JRE version: Java(TM) SE Runtime Environment (8.0-b132) (build 1.8.0-b132)
# Java VM: Java HotSpot(TM) 64-Bit Server VM (25.0-b70 mixed mode bsd-amd64 compressed oops)
Heap:
 PSYoungGen      total 68096K, used 5082K [0x000000076ab00000, 0x000000076f480000, 0x00000007c0000000)
  eden space 64000K, 6% used [0x000000076ab00000,0x000000076aefe980,0x000000076e980000)
  from space 4096K, 24% used [0x000000076f080000,0x000000076f178000,0x000000076f480000)
  to   space 5632K, 0% used [0x000000076e980000,0x000000076e980000,0x000000076ef00000)
 ParOldGen       total 20480K, used 15126K [0x00000006c0000000, 0x00000006c1400000, 0x000000076ab00000)
  object space 20480K, 73% used [0x00000006c0000000,0x00000006c0ec59a8,0x00000006c1400000)
 Metaspace       used 28117K, capacity 28618K, committed 28800K, reserved 1073152K
  class space    used 3951K, capacity 4122K, committed 4224K, reserved 1048576K
GC Heap History (10 events):
Event: 4,432 GC heap before
{Heap before GC invocations=20 (full 2):
 PSYoungGen      total 60416K, used 4069K [0x000000076ab00000, 0x000000076f680000, 0x00000007c0000000)
  eden space 56320K, 0% used [0x000000076ab00000,0x000000076ab00000,0x000000076e200000)
  from space 4096K, 99% used [0x000000076f280000,0x000000076f6796b0,0x000000076f680000)
  to   space 6144K, 0% used [0x000000076ea80000,0x000000076ea80000,0x000000076f080000)
 ParOldGen       total 15360K, used 14372K [0x00000006c0000000, 0x00000006c0f00000, 0x000000076ab00000)
  object space 15360K, 93% used [0x00000006c0000000,0x00000006c0e09288,0x00000006c0f00000)
 Metaspace       used 27232K, capacity 27710K, committed 27904K, reserved 1073152K
  class space    used 3911K, capacity 4055K, committed 4096K, reserved 1048576K
Event: 4,528 GC heap after
Heap after GC invocations=20 (full 2):
 PSYoungGen      total 60416K, used 357K [0x000000076ab00000, 0x000000076f680000, 0x00000007c0000000)
  eden space 56320K, 0% used [0x000000076ab00000,0x000000076ab00000,0x000000076e200000)
  from space 4096K, 8% used [0x000000076f280000,0x000000076f2d9418,0x000000076f680000)
  to   space 6144K, 0% used [0x000000076ea80000,0x000000076ea80000,0x000000076f080000)
 ParOldGen       total 20480K, used 15006K [0x00000006c0000000, 0x00000006c1400000, 0x000000076ab00000)
  object space 20480K, 73% used [0x00000006c0000000,0x00000006c0ea79a8,0x00000006c1400000)
 Metaspace       used 27232K, capacity 27710K, committed 27904K, reserved 1073152K
  class space    used 3911K, capacity 4055K, committed 4096K, reserved 1048576K
}
Event: 11,332 GC heap before
{Heap before GC invocations=21 (full 2):
 PSYoungGen      total 60416K, used 56677K [0x000000076ab00000, 0x000000076f680000, 0x00000007c0000000)
  eden space 56320K, 100% used [0x000000076ab00000,0x000000076e200000,0x000000076e200000)
  from space 4096K, 8% used [0x000000076f280000,0x000000076f2d9418,0x000000076f680000)
  to   space 6144K, 0% used [0x000000076ea80000,0x000000076ea80000,0x000000076f080000)
 ParOldGen       total 20480K, used 15006K [0x00000006c0000000, 0x00000006c1400000, 0x000000076ab00000)
  object space 20480K, 73% used [0x00000006c0000000,0x00000006c0ea79a8,0x00000006c1400000)
 Metaspace       used 27757K, capacity 28286K, committed 28544K, reserved 1073152K
  class space    used 3931K, capacity 4119K, committed 4224K, reserved 1048576K
Event: 11,336 GC heap after
Heap after GC invocations=21 (full 2):
 PSYoungGen      total 61952K, used 768K [0x000000076ab00000, 0x000000076f300000, 0x00000007c0000000)
  eden space 60928K, 0% used [0x000000076ab00000,0x000000076ab00000,0x000000076e680000)
  from space 1024K, 75% used [0x000000076ea80000,0x000000076eb40000,0x000000076eb80000)
  to   space 6144K, 0% used [0x000000076ed00000,0x000000076ed00000,0x000000076f300000)
 ParOldGen       total 20480K, used 15110K [0x00000006c0000000, 0x00000006c1400000, 0x000000076ab00000)
  object space 20480K, 73% used [0x00000006c0000000,0x00000006c0ec19a8,0x00000006c1400000)
 Metaspace       used 27757K, capacity 28286K, committed 28544K, reserved 1073152K
  class space    used 3931K, capacity 4119K, committed 4224K, reserved 1048576K
}
Event: 21,240 GC heap before
{Heap before GC invocations=22 (full 2):
 PSYoungGen      total 61952K, used 61696K [0x000000076ab00000, 0x000000076f300000, 0x00000007c0000000)
  eden space 60928K, 100% used [0x000000076ab00000,0x000000076e680000,0x000000076e680000)
  from space 1024K, 75% used [0x000000076ea80000,0x000000076eb40000,0x000000076eb80000)
  to   space 6144K, 0% used [0x000000076ed00000,0x000000076ed00000,0x000000076f300000)
 ParOldGen       total 20480K, used 15110K [0x00000006c0000000, 0x00000006c1400000, 0x000000076ab00000)
  object space 20480K, 73% used [0x00000006c0000000,0x00000006c0ec19a8,0x00000006c1400000)
 Metaspace       used 28042K, capacity 28554K, committed 28800K, reserved 1073152K
  class space    used 3947K, capacity 4122K, committed 4224K, reserved 1048576K
Event: 21,242 GC heap after
Heap after GC invocations=22 (full 2):
 PSYoungGen      total 67584K, used 960K [0x000000076ab00000, 0x000000076f680000, 0x00000007c0000000)
  eden space 61440K, 0% used [0x000000076ab00000,0x000000076ab00000,0x000000076e700000)
  from space 6144K, 15% used [0x000000076ed00000,0x000000076edf0000,0x000000076f300000)
  to   space 6144K, 0% used [0x000000076e700000,0x000000076e700000,0x000000076ed00000)
 ParOldGen       total 20480K, used 15118K [0x00000006c0000000, 0x00000006c1400000, 0x000000076ab00000)
  object space 20480K, 73% used [0x00000006c0000000,0x00000006c0ec39a8,0x00000006c1400000)
 Metaspace       used 28042K, capacity 28554K, committed 28800K, reserved 1073152K
  class space    used 3947K, capacity 4122K, committed 4224K, reserved 1048576K
}
Event: 31,770 GC heap before
{Heap before GC invocations=23 (full 2):
 PSYoungGen      total 67584K, used 62400K [0x000000076ab00000, 0x000000076f680000, 0x00000007c0000000)
  eden space 61440K, 100% used [0x000000076ab00000,0x000000076e700000,0x000000076e700000)
  from space 6144K, 15% used [0x000000076ed00000,0x000000076edf0000,0x000000076f300000)
  to   space 6144K, 0% used [0x000000076e700000,0x000000076e700000,0x000000076ed00000)
 ParOldGen       total 20480K, used 15118K [0x00000006c0000000, 0x00000006c1400000, 0x000000076ab00000)
  object space 20480K, 73% used [0x00000006c0000000,0x00000006c0ec39a8,0x00000006c1400000)
 Metaspace       used 28059K, capacity 28554K, committed 28800K, reserved 1073152K
  class space    used 3948K, capacity 4122K, committed 4224K, reserved 1048576K
Event: 31,772 GC heap after
Heap after GC invocations=23 (full 2):
 PSYoungGen      total 67584K, used 960K [0x000000076ab00000, 0x000000076f680000, 0x00000007c0000000)
  eden space 61440K, 0% used [0x000000076ab00000,0x000000076ab00000,0x000000076e700000)
  from space 6144K, 15% used [0x000000076e700000,0x000000076e7f0000,0x000000076ed00000)
  to   space 6144K, 0% used [0x000000076f080000,0x000000076f080000,0x000000076f680000)
 ParOldGen       total 20480K, used 15118K [0x00000006c0000000, 0x00000006c1400000, 0x000000076ab00000)
  object space 20480K, 73% used [0x00000006c0000000,0x00000006c0ec39a8,0x00000006c1400000)
 Metaspace       used 28059K, capacity 28554K, committed 28800K, reserved 1073152K
  class space    used 3948K, capacity 4122K, committed 4224K, reserved 1048576K
}
Event: 42,544 GC heap before
{Heap before GC invocations=24 (full 2):
 PSYoungGen      total 67584K, used 62400K [0x000000076ab00000, 0x000000076f680000, 0x00000007c0000000)
  eden space 61440K, 100% used [0x000000076ab00000,0x000000076e700000,0x000000076e700000)
  from space 6144K, 15% used [0x000000076e700000,0x000000076e7f0000,0x000000076ed00000)
  to   space 6144K, 0% used [0x000000076f080000,0x000000076f080000,0x000000076f680000)
 ParOldGen       total 20480K, used 15118K [0x00000006c0000000, 0x00000006c1400000, 0x000000076ab00000)
  object space 20480K, 73% used [0x00000006c0000000,0x00000006c0ec39a8,0x00000006c1400000)
 Metaspace       used 28095K, capacity 28618K, committed 28800K, reserved 1073152K
  class space    used 3948K, capacity 4122K, committed 4224K, reserved 1048576K
Event: 42,546 GC heap after
Heap after GC invocations=24 (full 2):
 PSYoungGen      total 68096K, used 992K [0x000000076ab00000, 0x000000076f480000, 0x00000007c0000000)
  eden space 64000K, 0% used [0x000000076ab00000,0x000000076ab00000,0x000000076e980000)
  from space 4096K, 24% used [0x000000076f080000,0x000000076f178000,0x000000076f480000)
  to   space 5632K, 0% used [0x000000076e980000,0x000000076e980000,0x000000076ef00000)
 ParOldGen       total 20480K, used 15126K [0x00000006c0000000, 0x00000006c1400000, 0x000000076ab00000)
  object space 20480K, 73% used [0x00000006c0000000,0x00000006c0ec59a8,0x00000006c1400000)
 Metaspace       used 28095K, capacity 28618K, committed 28800K, reserved 1073152K
  class space    used 3948K, capacity 4122K, committed 4224K, reserved 1048576K
}

