# JRE version: Java(TM) SE Runtime Environment (8.0_25-b17) (build 1.8.0_25-b17)
# Java VM: Java HotSpot(TM) 64-Bit Server VM (25.25-b02 mixed mode bsd-amd64 compressed oops)
Heap:
 PSYoungGen      total 64512K, used 14752K [0x000000076ab00000, 0x000000076f500000, 0x00000007c0000000)
  eden space 55296K, 10% used [0x000000076ab00000,0x000000076b0d5ff8,0x000000076e100000)
  from space 9216K, 95% used [0x000000076e180000,0x000000076ea12030,0x000000076ea80000)
  to   space 10240K, 0% used [0x000000076eb00000,0x000000076eb00000,0x000000076f500000)
 ParOldGen       total 118272K, used 9726K [0x00000006c0000000, 0x00000006c7380000, 0x000000076ab00000)
  object space 118272K, 8% used [0x00000006c0000000,0x00000006c097fa30,0x00000006c7380000)
 Metaspace       used 30326K, capacity 31648K, committed 31872K, reserved 1077248K
  class space    used 4116K, capacity 4411K, committed 4480K, reserved 1048576K
GC Heap History (10 events):
Event: 298.192 GC heap before
{Heap before GC invocations=14 (full 1):
 PSYoungGen      total 67584K, used 64710K [0x000000076ab00000, 0x000000076f780000, 0x00000007c0000000)
  eden space 57856K, 100% used [0x000000076ab00000,0x000000076e380000,0x000000076e380000)
  from space 9728K, 70% used [0x000000076ee00000,0x000000076f4b1aa0,0x000000076f780000)
  to   space 10240K, 0% used [0x000000076e380000,0x000000076e380000,0x000000076ed80000)
 ParOldGen       total 118272K, used 9710K [0x00000006c0000000, 0x00000006c7380000, 0x000000076ab00000)
  object space 118272K, 8% used [0x00000006c0000000,0x00000006c097ba30,0x00000006c7380000)
 Metaspace       used 30305K, capacity 31618K, committed 31872K, reserved 1077248K
  class space    used 4112K, capacity 4404K, committed 4480K, reserved 1048576K
Event: 298.198 GC heap after
Heap after GC invocations=14 (full 1):
 PSYoungGen      total 64512K, used 6918K [0x000000076ab00000, 0x000000076f700000, 0x00000007c0000000)
  eden space 57344K, 0% used [0x000000076ab00000,0x000000076ab00000,0x000000076e300000)
  from space 7168K, 96% used [0x000000076e380000,0x000000076ea41aa0,0x000000076ea80000)
  to   space 10240K, 0% used [0x000000076ed00000,0x000000076ed00000,0x000000076f700000)
 ParOldGen       total 118272K, used 9718K [0x00000006c0000000, 0x00000006c7380000, 0x000000076ab00000)
  object space 118272K, 8% used [0x00000006c0000000,0x00000006c097da30,0x00000006c7380000)
 Metaspace       used 30305K, capacity 31618K, committed 31872K, reserved 1077248K
  class space    used 4112K, capacity 4404K, committed 4480K, reserved 1048576K
}
Event: 323.491 GC heap before
{Heap before GC invocations=15 (full 1):
 PSYoungGen      total 64512K, used 64262K [0x000000076ab00000, 0x000000076f700000, 0x00000007c0000000)
  eden space 57344K, 100% used [0x000000076ab00000,0x000000076e300000,0x000000076e300000)
  from space 7168K, 96% used [0x000000076e380000,0x000000076ea41aa0,0x000000076ea80000)
  to   space 10240K, 0% used [0x000000076ed00000,0x000000076ed00000,0x000000076f700000)
 ParOldGen       total 118272K, used 9718K [0x00000006c0000000, 0x00000006c7380000, 0x000000076ab00000)
  object space 118272K, 8% used [0x00000006c0000000,0x00000006c097da30,0x00000006c7380000)
 Metaspace       used 30308K, capacity 31618K, committed 31872K, reserved 1077248K
  class space    used 4112K, capacity 4404K, committed 4480K, reserved 1048576K
Event: 323.496 GC heap after
Heap after GC invocations=15 (full 1):
 PSYoungGen      total 66560K, used 6950K [0x000000076ab00000, 0x000000076f680000, 0x00000007c0000000)
  eden space 56832K, 0% used [0x000000076ab00000,0x000000076ab00000,0x000000076e280000)
  from space 9728K, 71% used [0x000000076ed00000,0x000000076f3c9aa0,0x000000076f680000)
  to   space 10240K, 0% used [0x000000076e280000,0x000000076e280000,0x000000076ec80000)
 ParOldGen       total 118272K, used 9726K [0x00000006c0000000, 0x00000006c7380000, 0x000000076ab00000)
  object space 118272K, 8% used [0x00000006c0000000,0x00000006c097fa30,0x00000006c7380000)
 Metaspace       used 30308K, capacity 31618K, committed 31872K, reserved 1077248K
  class space    used 4112K, capacity 4404K, committed 4480K, reserved 1048576K
}
Event: 348.808 GC heap before
{Heap before GC invocations=16 (full 1):
 PSYoungGen      total 66560K, used 63782K [0x000000076ab00000, 0x000000076f680000, 0x00000007c0000000)
  eden space 56832K, 100% used [0x000000076ab00000,0x000000076e280000,0x000000076e280000)
  from space 9728K, 71% used [0x000000076ed00000,0x000000076f3c9aa0,0x000000076f680000)
  to   space 10240K, 0% used [0x000000076e280000,0x000000076e280000,0x000000076ec80000)
 ParOldGen       total 118272K, used 9726K [0x00000006c0000000, 0x00000006c7380000, 0x000000076ab00000)
  object space 118272K, 8% used [0x00000006c0000000,0x00000006c097fa30,0x00000006c7380000)
 Metaspace       used 30308K, capacity 31618K, committed 31872K, reserved 1077248K
  class space    used 4112K, capacity 4404K, committed 4480K, reserved 1048576K
Event: 348.813 GC heap after
Heap after GC invocations=16 (full 1):
 PSYoungGen      total 65536K, used 8808K [0x000000076ab00000, 0x000000076f600000, 0x00000007c0000000)
  eden space 56320K, 0% used [0x000000076ab00000,0x000000076ab00000,0x000000076e200000)
  from space 9216K, 95% used [0x000000076e280000,0x000000076eb1a030,0x000000076eb80000)
  to   space 10240K, 0% used [0x000000076ec00000,0x000000076ec00000,0x000000076f600000)
 ParOldGen       total 118272K, used 9726K [0x00000006c0000000, 0x00000006c7380000, 0x000000076ab00000)
  object space 118272K, 8% used [0x00000006c0000000,0x00000006c097fa30,0x00000006c7380000)
 Metaspace       used 30308K, capacity 31618K, committed 31872K, reserved 1077248K
  class space    used 4112K, capacity 4404K, committed 4480K, reserved 1048576K
}
Event: 374.189 GC heap before
{Heap before GC invocations=17 (full 1):
 PSYoungGen      total 65536K, used 65128K [0x000000076ab00000, 0x000000076f600000, 0x00000007c0000000)
  eden space 56320K, 100% used [0x000000076ab00000,0x000000076e200000,0x000000076e200000)
  from space 9216K, 95% used [0x000000076e280000,0x000000076eb1a030,0x000000076eb80000)
  to   space 10240K, 0% used [0x000000076ec00000,0x000000076ec00000,0x000000076f600000)
 ParOldGen       total 118272K, used 9726K [0x00000006c0000000, 0x00000006c7380000, 0x000000076ab00000)
  object space 118272K, 8% used [0x00000006c0000000,0x00000006c097fa30,0x00000006c7380000)
 Metaspace       used 30308K, capacity 31618K, committed 31872K, reserved 1077248K
  class space    used 4112K, capacity 4404K, committed 4480K, reserved 1048576K
Event: 374.195 GC heap after
Heap after GC invocations=17 (full 1):
 PSYoungGen      total 65536K, used 6918K [0x000000076ab00000, 0x000000076f580000, 0x00000007c0000000)
  eden space 55808K, 0% used [0x000000076ab00000,0x000000076ab00000,0x000000076e180000)
  from space 9728K, 71% used [0x000000076ec00000,0x000000076f2c1aa0,0x000000076f580000)
  to   space 10240K, 0% used [0x000000076e180000,0x000000076e180000,0x000000076eb80000)
 ParOldGen       total 118272K, used 9726K [0x00000006c0000000, 0x00000006c7380000, 0x000000076ab00000)
  object space 118272K, 8% used [0x00000006c0000000,0x00000006c097fa30,0x00000006c7380000)
 Metaspace       used 30308K, capacity 31618K, committed 31872K, reserved 1077248K
  class space    used 4112K, capacity 4404K, committed 4480K, reserved 1048576K
}
Event: 399.410 GC heap before
{Heap before GC invocations=18 (full 1):
 PSYoungGen      total 65536K, used 62726K [0x000000076ab00000, 0x000000076f580000, 0x00000007c0000000)
  eden space 55808K, 100% used [0x000000076ab00000,0x000000076e180000,0x000000076e180000)
  from space 9728K, 71% used [0x000000076ec00000,0x000000076f2c1aa0,0x000000076f580000)
  to   space 10240K, 0% used [0x000000076e180000,0x000000076e180000,0x000000076eb80000)
 ParOldGen       total 118272K, used 9726K [0x00000006c0000000, 0x00000006c7380000, 0x000000076ab00000)
  object space 118272K, 8% used [0x00000006c0000000,0x00000006c097fa30,0x00000006c7380000)
 Metaspace       used 30308K, capacity 31618K, committed 31872K, reserved 1077248K
  class space    used 4112K, capacity 4404K, committed 4480K, reserved 1048576K
Event: 399.417 GC heap after
Heap after GC invocations=18 (full 1):
 PSYoungGen      total 64512K, used 8776K [0x000000076ab00000, 0x000000076f500000, 0x00000007c0000000)
  eden space 55296K, 0% used [0x000000076ab00000,0x000000076ab00000,0x000000076e100000)
  from space 9216K, 95% used [0x000000076e180000,0x000000076ea12030,0x000000076ea80000)
  to   space 10240K, 0% used [0x000000076eb00000,0x000000076eb00000,0x000000076f500000)
 ParOldGen       total 118272K, used 9726K [0x00000006c0000000, 0x00000006c7380000, 0x000000076ab00000)
  object space 118272K, 8% used [0x00000006c0000000,0x00000006c097fa30,0x00000006c7380000)
 Metaspace       used 30308K, capacity 31618K, committed 31872K, reserved 1077248K
  class space    used 4112K, capacity 4404K, committed 4480K, reserved 1048576K
}

