# JRE version: Java(TM) SE Runtime Environment (8.0-b132) (build 1.8.0-b132)
# Java VM: Java HotSpot(TM) 64-Bit Server VM (25.0-b70 mixed mode bsd-amd64 compressed oops)
Heap:
 PSYoungGen      total 67584K, used 22159K [0x000000076ab00000, 0x000000076f780000, 0x00000007c0000000)
  eden space 60928K, 34% used [0x000000076ab00000,0x000000076bfabc60,0x000000076e680000)
  from space 6656K, 14% used [0x000000076e680000,0x000000076e778000,0x000000076ed00000)
  to   space 6656K, 0% used [0x000000076f100000,0x000000076f100000,0x000000076f780000)
 ParOldGen       total 23552K, used 16046K [0x00000006c0000000, 0x00000006c1700000, 0x000000076ab00000)
  object space 23552K, 68% used [0x00000006c0000000,0x00000006c0fab968,0x00000006c1700000)
 Metaspace       used 28184K, capacity 28670K, committed 28800K, reserved 1073152K
  class space    used 3950K, capacity 4120K, committed 4224K, reserved 1048576K
GC Heap History (10 events):
Event: 4,258 GC heap before
{Heap before GC invocations=20 (full 2):
 PSYoungGen      total 59904K, used 4095K [0x000000076ab00000, 0x000000076f680000, 0x00000007c0000000)
  eden space 55808K, 0% used [0x000000076ab00000,0x000000076ab00000,0x000000076e180000)
  from space 4096K, 99% used [0x000000076f280000,0x000000076f67fca0,0x000000076f680000)
  to   space 6144K, 0% used [0x000000076ea80000,0x000000076ea80000,0x000000076f080000)
 ParOldGen       total 15360K, used 14282K [0x00000006c0000000, 0x00000006c0f00000, 0x000000076ab00000)
  object space 15360K, 92% used [0x00000006c0000000,0x00000006c0df2870,0x00000006c0f00000)
 Metaspace       used 27264K, capacity 27704K, committed 27904K, reserved 1073152K
  class space    used 3913K, capacity 4054K, committed 4096K, reserved 1048576K
Event: 4,367 GC heap after
Heap after GC invocations=20 (full 2):
 PSYoungGen      total 59904K, used 127K [0x000000076ab00000, 0x000000076f680000, 0x00000007c0000000)
  eden space 55808K, 0% used [0x000000076ab00000,0x000000076ab00000,0x000000076e180000)
  from space 4096K, 3% used [0x000000076f280000,0x000000076f29ff50,0x000000076f680000)
  to   space 6144K, 0% used [0x000000076ea80000,0x000000076ea80000,0x000000076f080000)
 ParOldGen       total 20480K, used 15266K [0x00000006c0000000, 0x00000006c1400000, 0x000000076ab00000)
  object space 20480K, 74% used [0x00000006c0000000,0x00000006c0ee89b0,0x00000006c1400000)
 Metaspace       used 27264K, capacity 27704K, committed 27904K, reserved 1073152K
  class space    used 3913K, capacity 4054K, committed 4096K, reserved 1048576K
}
Event: 11,055 GC heap before
{Heap before GC invocations=21 (full 2):
 PSYoungGen      total 59904K, used 55935K [0x000000076ab00000, 0x000000076f680000, 0x00000007c0000000)
  eden space 55808K, 100% used [0x000000076ab00000,0x000000076e180000,0x000000076e180000)
  from space 4096K, 3% used [0x000000076f280000,0x000000076f29ff50,0x000000076f680000)
  to   space 6144K, 0% used [0x000000076ea80000,0x000000076ea80000,0x000000076f080000)
 ParOldGen       total 20480K, used 15266K [0x00000006c0000000, 0x00000006c1400000, 0x000000076ab00000)
  object space 20480K, 74% used [0x00000006c0000000,0x00000006c0ee89b0,0x00000006c1400000)
 Metaspace       used 27809K, capacity 28286K, committed 28544K, reserved 1073152K
  class space    used 3938K, capacity 4120K, committed 4224K, reserved 1048576K
Event: 11,058 GC heap after
Heap after GC invocations=21 (full 2):
 PSYoungGen      total 60928K, used 736K [0x000000076ab00000, 0x000000076f300000, 0x00000007c0000000)
  eden space 59904K, 0% used [0x000000076ab00000,0x000000076ab00000,0x000000076e580000)
  from space 1024K, 71% used [0x000000076ea80000,0x000000076eb38000,0x000000076eb80000)
  to   space 6144K, 0% used [0x000000076ed00000,0x000000076ed00000,0x000000076f300000)
 ParOldGen       total 20480K, used 15426K [0x00000006c0000000, 0x00000006c1400000, 0x000000076ab00000)
  object space 20480K, 75% used [0x00000006c0000000,0x00000006c0f109b0,0x00000006c1400000)
 Metaspace       used 27809K, capacity 28286K, committed 28544K, reserved 1073152K
  class space    used 3938K, capacity 4120K, committed 4224K, reserved 1048576K
}
Event: 20,643 GC heap before
{Heap before GC invocations=22 (full 2):
 PSYoungGen      total 60928K, used 60640K [0x000000076ab00000, 0x000000076f300000, 0x00000007c0000000)
  eden space 59904K, 100% used [0x000000076ab00000,0x000000076e580000,0x000000076e580000)
  from space 1024K, 71% used [0x000000076ea80000,0x000000076eb38000,0x000000076eb80000)
  to   space 6144K, 0% used [0x000000076ed00000,0x000000076ed00000,0x000000076f300000)
 ParOldGen       total 20480K, used 15426K [0x00000006c0000000, 0x00000006c1400000, 0x000000076ab00000)
  object space 20480K, 75% used [0x00000006c0000000,0x00000006c0f109b0,0x00000006c1400000)
 Metaspace       used 28140K, capacity 28606K, committed 28800K, reserved 1073152K
  class space    used 3946K, capacity 4120K, committed 4224K, reserved 1048576K
Event: 20,648 GC heap after
Heap after GC invocations=22 (full 2):
 PSYoungGen      total 67072K, used 4160K [0x000000076ab00000, 0x000000076f600000, 0x00000007c0000000)
  eden space 60928K, 0% used [0x000000076ab00000,0x000000076ab00000,0x000000076e680000)
  from space 6144K, 67% used [0x000000076ed00000,0x000000076f110010,0x000000076f300000)
  to   space 6656K, 0% used [0x000000076e680000,0x000000076e680000,0x000000076ed00000)
 ParOldGen       total 20480K, used 18506K [0x00000006c0000000, 0x00000006c1400000, 0x000000076ab00000)
  object space 20480K, 90% used [0x00000006c0000000,0x00000006c12129c0,0x00000006c1400000)
 Metaspace       used 28140K, capacity 28606K, committed 28800K, reserved 1073152K
  class space    used 3946K, capacity 4120K, committed 4224K, reserved 1048576K
}
Event: 20,648 GC heap before
{Heap before GC invocations=23 (full 3):
 PSYoungGen      total 67072K, used 4160K [0x000000076ab00000, 0x000000076f600000, 0x00000007c0000000)
  eden space 60928K, 0% used [0x000000076ab00000,0x000000076ab00000,0x000000076e680000)
  from space 6144K, 67% used [0x000000076ed00000,0x000000076f110010,0x000000076f300000)
  to   space 6656K, 0% used [0x000000076e680000,0x000000076e680000,0x000000076ed00000)
 ParOldGen       total 20480K, used 18506K [0x00000006c0000000, 0x00000006c1400000, 0x000000076ab00000)
  object space 20480K, 90% used [0x00000006c0000000,0x00000006c12129c0,0x00000006c1400000)
 Metaspace       used 28140K, capacity 28606K, committed 28800K, reserved 1073152K
  class space    used 3946K, capacity 4120K, committed 4224K, reserved 1048576K
Event: 20,724 GC heap after
Heap after GC invocations=23 (full 3):
 PSYoungGen      total 67072K, used 0K [0x000000076ab00000, 0x000000076f600000, 0x00000007c0000000)
  eden space 60928K, 0% used [0x000000076ab00000,0x000000076ab00000,0x000000076e680000)
  from space 6144K, 0% used [0x000000076ed00000,0x000000076ed00000,0x000000076f300000)
  to   space 6656K, 0% used [0x000000076e680000,0x000000076e680000,0x000000076ed00000)
 ParOldGen       total 23552K, used 16038K [0x00000006c0000000, 0x00000006c1700000, 0x000000076ab00000)
  object space 23552K, 68% used [0x00000006c0000000,0x00000006c0fa9968,0x00000006c1700000)
 Metaspace       used 28140K, capacity 28606K, committed 28800K, reserved 1073152K
  class space    used 3946K, capacity 4120K, committed 4224K, reserved 1048576K
}
Event: 32,807 GC heap before
{Heap before GC invocations=24 (full 3):
 PSYoungGen      total 67072K, used 60928K [0x000000076ab00000, 0x000000076f600000, 0x00000007c0000000)
  eden space 60928K, 100% used [0x000000076ab00000,0x000000076e680000,0x000000076e680000)
  from space 6144K, 0% used [0x000000076ed00000,0x000000076ed00000,0x000000076f300000)
  to   space 6656K, 0% used [0x000000076e680000,0x000000076e680000,0x000000076ed00000)
 ParOldGen       total 23552K, used 16038K [0x00000006c0000000, 0x00000006c1700000, 0x000000076ab00000)
  object space 23552K, 68% used [0x00000006c0000000,0x00000006c0fa9968,0x00000006c1700000)
 Metaspace       used 28169K, capacity 28670K, committed 28800K, reserved 1073152K
  class space    used 3947K, capacity 4120K, committed 4224K, reserved 1048576K
Event: 32,810 GC heap after
Heap after GC invocations=24 (full 3):
 PSYoungGen      total 67584K, used 992K [0x000000076ab00000, 0x000000076f780000, 0x00000007c0000000)
  eden space 60928K, 0% used [0x000000076ab00000,0x000000076ab00000,0x000000076e680000)
  from space 6656K, 14% used [0x000000076e680000,0x000000076e778000,0x000000076ed00000)
  to   space 6656K, 0% used [0x000000076f100000,0x000000076f100000,0x000000076f780000)
 ParOldGen       total 23552K, used 16046K [0x00000006c0000000, 0x00000006c1700000, 0x000000076ab00000)
  object space 23552K, 68% used [0x00000006c0000000,0x00000006c0fab968,0x00000006c1700000)
 Metaspace       used 28169K, capacity 28670K, committed 28800K, reserved 1073152K
  class space    used 3947K, capacity 4120K, committed 4224K, reserved 1048576K
}

