# JRE version: Java(TM) SE Runtime Environment (8.0_181-b13) (build 1.8.0_181-b13)
# Java VM: Java HotSpot(TM) 64-Bit Server VM (25.181-b13 mixed mode bsd-amd64 compressed oops)
Heap:
 PSYoungGen      total 76288K, used 26272K [0x000000076ab00000, 0x0000000770c80000, 0x00000007c0000000)
  eden space 64000K, 30% used [0x000000076ab00000,0x000000076be09c28,0x000000076e980000)
  from space 12288K, 55% used [0x000000076e980000,0x000000076f01e5c8,0x000000076f580000)
  to   space 11776K, 0% used [0x0000000770100000,0x0000000770100000,0x0000000770c80000)
 ParOldGen       total 128512K, used 51700K [0x00000006c0000000, 0x00000006c7d80000, 0x000000076ab00000)
  object space 128512K, 40% used [0x00000006c0000000,0x00000006c327d3c0,0x00000006c7d80000)
 Metaspace       used 37250K, capacity 38900K, committed 39168K, reserved 1083392K
  class space    used 4941K, capacity 5360K, committed 5376K, reserved 1048576K
GC Heap History (10 events):
Event: 9.467 GC heap before
{Heap before GC invocations=5 (full 1):
 PSYoungGen      total 76288K, used 65536K [0x000000076ab00000, 0x0000000770000000, 0x00000007c0000000)
  eden space 65536K, 100% used [0x000000076ab00000,0x000000076eb00000,0x000000076eb00000)
  from space 10752K, 0% used [0x000000076eb00000,0x000000076eb00000,0x000000076f580000)
  to   space 10752K, 0% used [0x000000076f580000,0x000000076f580000,0x0000000770000000)
 ParOldGen       total 75776K, used 9735K [0x00000006c0000000, 0x00000006c4a00000, 0x000000076ab00000)
  object space 75776K, 12% used [0x00000006c0000000,0x00000006c0981da8,0x00000006c4a00000)
 Metaspace       used 26339K, capacity 27146K, committed 27392K, reserved 1073152K
  class space    used 3217K, capacity 3498K, committed 3584K, reserved 1048576K
Event: 9.472 GC heap after
Heap after GC invocations=5 (full 1):
 PSYoungGen      total 76288K, used 4949K [0x000000076ab00000, 0x0000000770000000, 0x00000007c0000000)
  eden space 65536K, 0% used [0x000000076ab00000,0x000000076ab00000,0x000000076eb00000)
  from space 10752K, 46% used [0x000000076f580000,0x000000076fa55520,0x0000000770000000)
  to   space 10752K, 0% used [0x000000076eb00000,0x000000076eb00000,0x000000076f580000)
 ParOldGen       total 75776K, used 9743K [0x00000006c0000000, 0x00000006c4a00000, 0x000000076ab00000)
  object space 75776K, 12% used [0x00000006c0000000,0x00000006c0983da8,0x00000006c4a00000)
 Metaspace       used 26339K, capacity 27146K, committed 27392K, reserved 1073152K
  class space    used 3217K, capacity 3498K, committed 3584K, reserved 1048576K
}
Event: 10.989 GC heap before
{Heap before GC invocations=6 (full 1):
 PSYoungGen      total 76288K, used 30720K [0x000000076ab00000, 0x0000000770000000, 0x00000007c0000000)
  eden space 65536K, 39% used [0x000000076ab00000,0x000000076c42ac18,0x000000076eb00000)
  from space 10752K, 46% used [0x000000076f580000,0x000000076fa55520,0x0000000770000000)
  to   space 10752K, 0% used [0x000000076eb00000,0x000000076eb00000,0x000000076f580000)
 ParOldGen       total 75776K, used 9743K [0x00000006c0000000, 0x00000006c4a00000, 0x000000076ab00000)
  object space 75776K, 12% used [0x00000006c0000000,0x00000006c0983da8,0x00000006c4a00000)
 Metaspace       used 33980K, capacity 35424K, committed 35496K, reserved 1079296K
  class space    used 4661K, capacity 5059K, committed 5120K, reserved 1048576K
Event: 10.994 GC heap after
Heap after GC invocations=6 (full 1):
 PSYoungGen      total 74752K, used 6656K [0x000000076ab00000, 0x0000000770180000, 0x00000007c0000000)
  eden space 64000K, 0% used [0x000000076ab00000,0x000000076ab00000,0x000000076e980000)
  from space 10752K, 61% used [0x000000076eb00000,0x000000076f180030,0x000000076f580000)
  to   space 12288K, 0% used [0x000000076f580000,0x000000076f580000,0x0000000770180000)
 ParOldGen       total 75776K, used 9751K [0x00000006c0000000, 0x00000006c4a00000, 0x000000076ab00000)
  object space 75776K, 12% used [0x00000006c0000000,0x00000006c0985da8,0x00000006c4a00000)
 Metaspace       used 33980K, capacity 35424K, committed 35496K, reserved 1079296K
  class space    used 4661K, capacity 5059K, committed 5120K, reserved 1048576K
}
Event: 10.994 GC heap before
{Heap before GC invocations=7 (full 2):
 PSYoungGen      total 74752K, used 6656K [0x000000076ab00000, 0x0000000770180000, 0x00000007c0000000)
  eden space 64000K, 0% used [0x000000076ab00000,0x000000076ab00000,0x000000076e980000)
  from space 10752K, 61% used [0x000000076eb00000,0x000000076f180030,0x000000076f580000)
  to   space 12288K, 0% used [0x000000076f580000,0x000000076f580000,0x0000000770180000)
 ParOldGen       total 75776K, used 9751K [0x00000006c0000000, 0x00000006c4a00000, 0x000000076ab00000)
  object space 75776K, 12% used [0x00000006c0000000,0x00000006c0985da8,0x00000006c4a00000)
 Metaspace       used 33980K, capacity 35424K, committed 35496K, reserved 1079296K
  class space    used 4661K, capacity 5059K, committed 5120K, reserved 1048576K
Event: 11.037 GC heap after
Heap after GC invocations=7 (full 2):
 PSYoungGen      total 74752K, used 0K [0x000000076ab00000, 0x0000000770180000, 0x00000007c0000000)
  eden space 64000K, 0% used [0x000000076ab00000,0x000000076ab00000,0x000000076e980000)
  from space 10752K, 0% used [0x000000076eb00000,0x000000076eb00000,0x000000076f580000)
  to   space 12288K, 0% used [0x000000076f580000,0x000000076f580000,0x0000000770180000)
 ParOldGen       total 128512K, used 14847K [0x00000006c0000000, 0x00000006c7d80000, 0x000000076ab00000)
  object space 128512K, 11% used [0x00000006c0000000,0x00000006c0e7fcc8,0x00000006c7d80000)
 Metaspace       used 33980K, capacity 35424K, committed 35496K, reserved 1079296K
  class space    used 4661K, capacity 5059K, committed 5120K, reserved 1048576K
}
Event: 29.022 GC heap before
{Heap before GC invocations=8 (full 2):
 PSYoungGen      total 74752K, used 64000K [0x000000076ab00000, 0x0000000770180000, 0x00000007c0000000)
  eden space 64000K, 100% used [0x000000076ab00000,0x000000076e980000,0x000000076e980000)
  from space 10752K, 0% used [0x000000076eb00000,0x000000076eb00000,0x000000076f580000)
  to   space 12288K, 0% used [0x000000076f580000,0x000000076f580000,0x0000000770180000)
 ParOldGen       total 128512K, used 14847K [0x00000006c0000000, 0x00000006c7d80000, 0x000000076ab00000)
  object space 128512K, 11% used [0x00000006c0000000,0x00000006c0e7fd28,0x00000006c7d80000)
 Metaspace       used 37028K, capacity 38642K, committed 38912K, reserved 1083392K
  class space    used 4927K, capacity 5347K, committed 5376K, reserved 1048576K
Event: 29.037 GC heap after
Heap after GC invocations=8 (full 2):
 PSYoungGen      total 76288K, used 7518K [0x000000076ab00000, 0x0000000771080000, 0x00000007c0000000)
  eden space 64000K, 0% used [0x000000076ab00000,0x000000076ab00000,0x000000076e980000)
  from space 12288K, 61% used [0x000000076f580000,0x000000076fcd7988,0x0000000770180000)
  to   space 12288K, 0% used [0x000000076e980000,0x000000076e980000,0x000000076f580000)
 ParOldGen       total 128512K, used 51690K [0x00000006c0000000, 0x00000006c7d80000, 0x000000076ab00000)
  object space 128512K, 40% used [0x00000006c0000000,0x00000006c327a9e8,0x00000006c7d80000)
 Metaspace       used 37028K, capacity 38642K, committed 38912K, reserved 1083392K
  class space    used 4927K, capacity 5347K, committed 5376K, reserved 1048576K
}
Event: 67.595 GC heap before
{Heap before GC invocations=9 (full 2):
 PSYoungGen      total 76288K, used 71518K [0x000000076ab00000, 0x0000000771080000, 0x00000007c0000000)
  eden space 64000K, 100% used [0x000000076ab00000,0x000000076e980000,0x000000076e980000)
  from space 12288K, 61% used [0x000000076f580000,0x000000076fcd7988,0x0000000770180000)
  to   space 12288K, 0% used [0x000000076e980000,0x000000076e980000,0x000000076f580000)
 ParOldGen       total 128512K, used 51692K [0x00000006c0000000, 0x00000006c7d80000, 0x000000076ab00000)
  object space 128512K, 40% used [0x00000006c0000000,0x00000006c327b3c0,0x00000006c7d80000)
 Metaspace       used 37215K, capacity 38850K, committed 38912K, reserved 1083392K
  class space    used 4934K, capacity 5349K, committed 5376K, reserved 1048576K
Event: 67.599 GC heap after
Heap after GC invocations=9 (full 2):
 PSYoungGen      total 76288K, used 6777K [0x000000076ab00000, 0x0000000770c80000, 0x00000007c0000000)
  eden space 64000K, 0% used [0x000000076ab00000,0x000000076ab00000,0x000000076e980000)
  from space 12288K, 55% used [0x000000076e980000,0x000000076f01e5c8,0x000000076f580000)
  to   space 11776K, 0% used [0x0000000770100000,0x0000000770100000,0x0000000770c80000)
 ParOldGen       total 128512K, used 51700K [0x00000006c0000000, 0x00000006c7d80000, 0x000000076ab00000)
  object space 128512K, 40% used [0x00000006c0000000,0x00000006c327d3c0,0x00000006c7d80000)
 Metaspace       used 37215K, capacity 38850K, committed 38912K, reserved 1083392K
  class space    used 4934K, capacity 5349K, committed 5376K, reserved 1048576K
}

