# JRE version: 7.0_09-b05
# Java VM: Java HotSpot(TM) 64-Bit Server VM (23.5-b02 mixed mode bsd-amd64 compressed oops)
Heap
 PSYoungGen      total 6592K, used 5705K [0x000000015ae50000, 0x000000015b500000, 0x0000000182650000)
  eden space 6336K, 88% used [0x000000015ae50000,0x000000015b3ca620,0x000000015b480000)
  from space 256K, 37% used [0x000000015b4c0000,0x000000015b4d8000,0x000000015b500000)
  to   space 256K, 0% used [0x000000015b480000,0x000000015b480000,0x000000015b4c0000)
 ParOldGen       total 80896K, used 12025K [0x000000010be50000, 0x0000000110d50000, 0x000000015ae50000)
  object space 80896K, 14% used [0x000000010be50000,0x000000010ca0e7b8,0x0000000110d50000)
 PSPermGen       total 21248K, used 14320K [0x0000000106c50000, 0x0000000108110000, 0x000000010be50000)
  object space 21248K, 67% used [0x0000000106c50000,0x0000000107a4c1b0,0x0000000108110000)
GC Heap History (10 events):
Event: 1283.762 GC heap before
{Heap before GC invocations=490 (full 0):
 PSYoungGen      total 6592K, used 6496K [0x000000015ae50000, 0x000000015b500000, 0x0000000182650000)
  eden space 6336K, 100% used [0x000000015ae50000,0x000000015b480000,0x000000015b480000)
  from space 256K, 62% used [0x000000015b480000,0x000000015b4a8000,0x000000015b4c0000)
  to   space 256K, 0% used [0x000000015b4c0000,0x000000015b4c0000,0x000000015b500000)
 ParOldGen       total 80896K, used 12025K [0x000000010be50000, 0x0000000110d50000, 0x000000015ae50000)
  object space 80896K, 14% used [0x000000010be50000,0x000000010ca0e7b8,0x0000000110d50000)
 PSPermGen       total 21248K, used 14320K [0x0000000106c50000, 0x0000000108110000, 0x000000010be50000)
  object space 21248K, 67% used [0x0000000106c50000,0x0000000107a4c1b0,0x0000000108110000)
Event: 1283.764 GC heap after
Heap after GC invocations=490 (full 0):
 PSYoungGen      total 6592K, used 192K [0x000000015ae50000, 0x000000015b500000, 0x0000000182650000)
  eden space 6336K, 0% used [0x000000015ae50000,0x000000015ae50000,0x000000015b480000)
  from space 256K, 75% used [0x000000015b4c0000,0x000000015b4f0000,0x000000015b500000)
  to   space 256K, 0% used [0x000000015b480000,0x000000015b480000,0x000000015b4c0000)
 ParOldGen       total 80896K, used 12025K [0x000000010be50000, 0x0000000110d50000, 0x000000015ae50000)
  object space 80896K, 14% used [0x000000010be50000,0x000000010ca0e7b8,0x0000000110d50000)
 PSPermGen       total 21248K, used 14320K [0x0000000106c50000, 0x0000000108110000, 0x000000010be50000)
  object space 21248K, 67% used [0x0000000106c50000,0x0000000107a4c1b0,0x0000000108110000)
}
Event: 1285.693 GC heap before
{Heap before GC invocations=491 (full 0):
 PSYoungGen      total 6592K, used 6528K [0x000000015ae50000, 0x000000015b500000, 0x0000000182650000)
  eden space 6336K, 100% used [0x000000015ae50000,0x000000015b480000,0x000000015b480000)
  from space 256K, 75% used [0x000000015b4c0000,0x000000015b4f0000,0x000000015b500000)
  to   space 256K, 0% used [0x000000015b480000,0x000000015b480000,0x000000015b4c0000)
 ParOldGen       total 80896K, used 12025K [0x000000010be50000, 0x0000000110d50000, 0x000000015ae50000)
  object space 80896K, 14% used [0x000000010be50000,0x000000010ca0e7b8,0x0000000110d50000)
 PSPermGen       total 21248K, used 14320K [0x0000000106c50000, 0x0000000108110000, 0x000000010be50000)
  object space 21248K, 67% used [0x0000000106c50000,0x0000000107a4c1b0,0x0000000108110000)
Event: 1285.693 GC heap after
Heap after GC invocations=491 (full 0):
 PSYoungGen      total 6592K, used 160K [0x000000015ae50000, 0x000000015b500000, 0x0000000182650000)
  eden space 6336K, 0% used [0x000000015ae50000,0x000000015ae50000,0x000000015b480000)
  from space 256K, 62% used [0x000000015b480000,0x000000015b4a8000,0x000000015b4c0000)
  to   space 256K, 0% used [0x000000015b4c0000,0x000000015b4c0000,0x000000015b500000)
 ParOldGen       total 80896K, used 12025K [0x000000010be50000, 0x0000000110d50000, 0x000000015ae50000)
  object space 80896K, 14% used [0x000000010be50000,0x000000010ca0e7b8,0x0000000110d50000)
 PSPermGen       total 21248K, used 14320K [0x0000000106c50000, 0x0000000108110000, 0x000000010be50000)
  object space 21248K, 67% used [0x0000000106c50000,0x0000000107a4c1b0,0x0000000108110000)
}
Event: 1287.621 GC heap before
{Heap before GC invocations=492 (full 0):
 PSYoungGen      total 6592K, used 6496K [0x000000015ae50000, 0x000000015b500000, 0x0000000182650000)
  eden space 6336K, 100% used [0x000000015ae50000,0x000000015b480000,0x000000015b480000)
  from space 256K, 62% used [0x000000015b480000,0x000000015b4a8000,0x000000015b4c0000)
  to   space 256K, 0% used [0x000000015b4c0000,0x000000015b4c0000,0x000000015b500000)
 ParOldGen       total 80896K, used 12025K [0x000000010be50000, 0x0000000110d50000, 0x000000015ae50000)
  object space 80896K, 14% used [0x000000010be50000,0x000000010ca0e7b8,0x0000000110d50000)
 PSPermGen       total 21248K, used 14320K [0x0000000106c50000, 0x0000000108110000, 0x000000010be50000)
  object space 21248K, 67% used [0x0000000106c50000,0x0000000107a4c1b0,0x0000000108110000)
Event: 1287.623 GC heap after
Heap after GC invocations=492 (full 0):
 PSYoungGen      total 6592K, used 128K [0x000000015ae50000, 0x000000015b500000, 0x0000000182650000)
  eden space 6336K, 0% used [0x000000015ae50000,0x000000015ae50000,0x000000015b480000)
  from space 256K, 50% used [0x000000015b4c0000,0x000000015b4e0000,0x000000015b500000)
  to   space 256K, 0% used [0x000000015b480000,0x000000015b480000,0x000000015b4c0000)
 ParOldGen       total 80896K, used 12025K [0x000000010be50000, 0x0000000110d50000, 0x000000015ae50000)
  object space 80896K, 14% used [0x000000010be50000,0x000000010ca0e7b8,0x0000000110d50000)
 PSPermGen       total 21248K, used 14320K [0x0000000106c50000, 0x0000000108110000, 0x000000010be50000)
  object space 21248K, 67% used [0x0000000106c50000,0x0000000107a4c1b0,0x0000000108110000)
}
Event: 1289.564 GC heap before
{Heap before GC invocations=493 (full 0):
 PSYoungGen      total 6592K, used 6464K [0x000000015ae50000, 0x000000015b500000, 0x0000000182650000)
  eden space 6336K, 100% used [0x000000015ae50000,0x000000015b480000,0x000000015b480000)
  from space 256K, 50% used [0x000000015b4c0000,0x000000015b4e0000,0x000000015b500000)
  to   space 256K, 0% used [0x000000015b480000,0x000000015b480000,0x000000015b4c0000)
 ParOldGen       total 80896K, used 12025K [0x000000010be50000, 0x0000000110d50000, 0x000000015ae50000)
  object space 80896K, 14% used [0x000000010be50000,0x000000010ca0e7b8,0x0000000110d50000)
 PSPermGen       total 21248K, used 14320K [0x0000000106c50000, 0x0000000108110000, 0x000000010be50000)
  object space 21248K, 67% used [0x0000000106c50000,0x0000000107a4c1b0,0x0000000108110000)
Event: 1289.566 GC heap after
Heap after GC invocations=493 (full 0):
 PSYoungGen      total 6592K, used 128K [0x000000015ae50000, 0x000000015b500000, 0x0000000182650000)
  eden space 6336K, 0% used [0x000000015ae50000,0x000000015ae50000,0x000000015b480000)
  from space 256K, 50% used [0x000000015b480000,0x000000015b4a0000,0x000000015b4c0000)
  to   space 256K, 0% used [0x000000015b4c0000,0x000000015b4c0000,0x000000015b500000)
 ParOldGen       total 80896K, used 12025K [0x000000010be50000, 0x0000000110d50000, 0x000000015ae50000)
  object space 80896K, 14% used [0x000000010be50000,0x000000010ca0e7b8,0x0000000110d50000)
 PSPermGen       total 21248K, used 14320K [0x0000000106c50000, 0x0000000108110000, 0x000000010be50000)
  object space 21248K, 67% used [0x0000000106c50000,0x0000000107a4c1b0,0x0000000108110000)
}
Event: 1291.479 GC heap before
{Heap before GC invocations=494 (full 0):
 PSYoungGen      total 6592K, used 6464K [0x000000015ae50000, 0x000000015b500000, 0x0000000182650000)
  eden space 6336K, 100% used [0x000000015ae50000,0x000000015b480000,0x000000015b480000)
  from space 256K, 50% used [0x000000015b480000,0x000000015b4a0000,0x000000015b4c0000)
  to   space 256K, 0% used [0x000000015b4c0000,0x000000015b4c0000,0x000000015b500000)
 ParOldGen       total 80896K, used 12025K [0x000000010be50000, 0x0000000110d50000, 0x000000015ae50000)
  object space 80896K, 14% used [0x000000010be50000,0x000000010ca0e7b8,0x0000000110d50000)
 PSPermGen       total 21248K, used 14320K [0x0000000106c50000, 0x0000000108110000, 0x000000010be50000)
  object space 21248K, 67% used [0x0000000106c50000,0x0000000107a4c1b0,0x0000000108110000)
Event: 1291.484 GC heap after
Heap after GC invocations=494 (full 0):
 PSYoungGen      total 6592K, used 96K [0x000000015ae50000, 0x000000015b500000, 0x0000000182650000)
  eden space 6336K, 0% used [0x000000015ae50000,0x000000015ae50000,0x000000015b480000)
  from space 256K, 37% used [0x000000015b4c0000,0x000000015b4d8000,0x000000015b500000)
  to   space 256K, 0% used [0x000000015b480000,0x000000015b480000,0x000000015b4c0000)
 ParOldGen       total 80896K, used 12025K [0x000000010be50000, 0x0000000110d50000, 0x000000015ae50000)
  object space 80896K, 14% used [0x000000010be50000,0x000000010ca0e7b8,0x0000000110d50000)
 PSPermGen       total 21248K, used 14320K [0x0000000106c50000, 0x0000000108110000, 0x000000010be50000)
  object space 21248K, 67% used [0x0000000106c50000,0x0000000107a4c1b0,0x0000000108110000)
}

