# JRE version: Java(TM) SE Runtime Environment (8.0-b132) (build 1.8.0-b132)
# Java VM: Java HotSpot(TM) 64-Bit Server VM (25.0-b70 mixed mode bsd-amd64 compressed oops)
Heap:
 PSYoungGen      total 77312K, used 31283K [0x000000076ab00000, 0x000000076ff80000, 0x00000007c0000000)
  eden space 69120K, 41% used [0x000000076ab00000,0x000000076c6b1f40,0x000000076ee80000)
  from space 8192K, 35% used [0x000000076f780000,0x000000076fa5b010,0x000000076ff80000)
  to   space 8704K, 0% used [0x000000076ee80000,0x000000076ee80000,0x000000076f700000)
 ParOldGen       total 21504K, used 13722K [0x00000006c0000000, 0x00000006c1500000, 0x000000076ab00000)
  object space 21504K, 63% used [0x00000006c0000000,0x00000006c0d66970,0x00000006c1500000)
 Metaspace       used 28220K, capacity 28660K, committed 28800K, reserved 1073152K
  class space    used 3969K, capacity 4153K, committed 4224K, reserved 1048576K
GC Heap History (10 events):
Event: 25,791 GC heap before
{Heap before GC invocations=29 (full 3):
 PSYoungGen      total 75264K, used 71896K [0x000000076ab00000, 0x000000076fe80000, 0x00000007c0000000)
  eden space 66560K, 100% used [0x000000076ab00000,0x000000076ec00000,0x000000076ec00000)
  from space 8704K, 61% used [0x000000076ec00000,0x000000076f136020,0x000000076f480000)
  to   space 8704K, 0% used [0x000000076f600000,0x000000076f600000,0x000000076fe80000)
 ParOldGen       total 21504K, used 13690K [0x00000006c0000000, 0x00000006c1500000, 0x000000076ab00000)
  object space 21504K, 63% used [0x00000006c0000000,0x00000006c0d5e970,0x00000006c1500000)
 Metaspace       used 28171K, capacity 28660K, committed 28800K, reserved 1073152K
  class space    used 3964K, capacity 4153K, committed 4224K, reserved 1048576K
Event: 25,793 GC heap after
Heap after GC invocations=29 (full 3):
 PSYoungGen      total 75776K, used 5304K [0x000000076ab00000, 0x000000076fe00000, 0x00000007c0000000)
  eden space 67584K, 0% used [0x000000076ab00000,0x000000076ab00000,0x000000076ed00000)
  from space 8192K, 64% used [0x000000076f600000,0x000000076fb2e020,0x000000076fe00000)
  to   space 8704K, 0% used [0x000000076ed00000,0x000000076ed00000,0x000000076f580000)
 ParOldGen       total 21504K, used 13698K [0x00000006c0000000, 0x00000006c1500000, 0x000000076ab00000)
  object space 21504K, 63% used [0x00000006c0000000,0x00000006c0d60970,0x00000006c1500000)
 Metaspace       used 28171K, capacity 28660K, committed 28800K, reserved 1073152K
  class space    used 3964K, capacity 4153K, committed 4224K, reserved 1048576K
}
Event: 29,141 GC heap before
{Heap before GC invocations=30 (full 3):
 PSYoungGen      total 75776K, used 72888K [0x000000076ab00000, 0x000000076fe00000, 0x00000007c0000000)
  eden space 67584K, 100% used [0x000000076ab00000,0x000000076ed00000,0x000000076ed00000)
  from space 8192K, 64% used [0x000000076f600000,0x000000076fb2e020,0x000000076fe00000)
  to   space 8704K, 0% used [0x000000076ed00000,0x000000076ed00000,0x000000076f580000)
 ParOldGen       total 21504K, used 13698K [0x00000006c0000000, 0x00000006c1500000, 0x000000076ab00000)
  object space 21504K, 63% used [0x00000006c0000000,0x00000006c0d60970,0x00000006c1500000)
 Metaspace       used 28178K, capacity 28660K, committed 28800K, reserved 1073152K
  class space    used 3964K, capacity 4153K, committed 4224K, reserved 1048576K
Event: 29,142 GC heap after
Heap after GC invocations=30 (full 3):
 PSYoungGen      total 76288K, used 2828K [0x000000076ab00000, 0x000000076ff00000, 0x00000007c0000000)
  eden space 67584K, 0% used [0x000000076ab00000,0x000000076ab00000,0x000000076ed00000)
  from space 8704K, 32% used [0x000000076ed00000,0x000000076efc3010,0x000000076f580000)
  to   space 8704K, 0% used [0x000000076f680000,0x000000076f680000,0x000000076ff00000)
 ParOldGen       total 21504K, used 13706K [0x00000006c0000000, 0x00000006c1500000, 0x000000076ab00000)
  object space 21504K, 63% used [0x00000006c0000000,0x00000006c0d62970,0x00000006c1500000)
 Metaspace       used 28178K, capacity 28660K, committed 28800K, reserved 1073152K
  class space    used 3964K, capacity 4153K, committed 4224K, reserved 1048576K
}
Event: 32,905 GC heap before
{Heap before GC invocations=31 (full 3):
 PSYoungGen      total 76288K, used 70412K [0x000000076ab00000, 0x000000076ff00000, 0x00000007c0000000)
  eden space 67584K, 100% used [0x000000076ab00000,0x000000076ed00000,0x000000076ed00000)
  from space 8704K, 32% used [0x000000076ed00000,0x000000076efc3010,0x000000076f580000)
  to   space 8704K, 0% used [0x000000076f680000,0x000000076f680000,0x000000076ff00000)
 ParOldGen       total 21504K, used 13706K [0x00000006c0000000, 0x00000006c1500000, 0x000000076ab00000)
  object space 21504K, 63% used [0x00000006c0000000,0x00000006c0d62970,0x00000006c1500000)
 Metaspace       used 28198K, capacity 28660K, committed 28800K, reserved 1073152K
  class space    used 3965K, capacity 4153K, committed 4224K, reserved 1048576K
Event: 32,907 GC heap after
Heap after GC invocations=31 (full 3):
 PSYoungGen      total 77312K, used 5208K [0x000000076ab00000, 0x000000076ff00000, 0x00000007c0000000)
  eden space 68608K, 0% used [0x000000076ab00000,0x000000076ab00000,0x000000076ee00000)
  from space 8704K, 59% used [0x000000076f680000,0x000000076fb96020,0x000000076ff00000)
  to   space 8704K, 0% used [0x000000076ee00000,0x000000076ee00000,0x000000076f680000)
 ParOldGen       total 21504K, used 13714K [0x00000006c0000000, 0x00000006c1500000, 0x000000076ab00000)
  object space 21504K, 63% used [0x00000006c0000000,0x00000006c0d64970,0x00000006c1500000)
 Metaspace       used 28198K, capacity 28660K, committed 28800K, reserved 1073152K
  class space    used 3965K, capacity 4153K, committed 4224K, reserved 1048576K
}
Event: 36,678 GC heap before
{Heap before GC invocations=32 (full 3):
 PSYoungGen      total 77312K, used 73816K [0x000000076ab00000, 0x000000076ff00000, 0x00000007c0000000)
  eden space 68608K, 100% used [0x000000076ab00000,0x000000076ee00000,0x000000076ee00000)
  from space 8704K, 59% used [0x000000076f680000,0x000000076fb96020,0x000000076ff00000)
  to   space 8704K, 0% used [0x000000076ee00000,0x000000076ee00000,0x000000076f680000)
 ParOldGen       total 21504K, used 13714K [0x00000006c0000000, 0x00000006c1500000, 0x000000076ab00000)
  object space 21504K, 63% used [0x00000006c0000000,0x00000006c0d64970,0x00000006c1500000)
 Metaspace       used 28204K, capacity 28660K, committed 28800K, reserved 1073152K
  class space    used 3965K, capacity 4153K, committed 4224K, reserved 1048576K
Event: 36,679 GC heap after
Heap after GC invocations=32 (full 3):
 PSYoungGen      total 77312K, used 5240K [0x000000076ab00000, 0x0000000770000000, 0x00000007c0000000)
  eden space 68608K, 0% used [0x000000076ab00000,0x000000076ab00000,0x000000076ee00000)
  from space 8704K, 60% used [0x000000076ee00000,0x000000076f31e020,0x000000076f680000)
  to   space 8704K, 0% used [0x000000076f780000,0x000000076f780000,0x0000000770000000)
 ParOldGen       total 21504K, used 13722K [0x00000006c0000000, 0x00000006c1500000, 0x000000076ab00000)
  object space 21504K, 63% used [0x00000006c0000000,0x00000006c0d66970,0x00000006c1500000)
 Metaspace       used 28204K, capacity 28660K, committed 28800K, reserved 1073152K
  class space    used 3965K, capacity 4153K, committed 4224K, reserved 1048576K
}
Event: 40,658 GC heap before
{Heap before GC invocations=33 (full 3):
 PSYoungGen      total 77312K, used 73848K [0x000000076ab00000, 0x0000000770000000, 0x00000007c0000000)
  eden space 68608K, 100% used [0x000000076ab00000,0x000000076ee00000,0x000000076ee00000)
  from space 8704K, 60% used [0x000000076ee00000,0x000000076f31e020,0x000000076f680000)
  to   space 8704K, 0% used [0x000000076f780000,0x000000076f780000,0x0000000770000000)
 ParOldGen       total 21504K, used 13722K [0x00000006c0000000, 0x00000006c1500000, 0x000000076ab00000)
  object space 21504K, 63% used [0x00000006c0000000,0x00000006c0d66970,0x00000006c1500000)
 Metaspace       used 28206K, capacity 28660K, committed 28800K, reserved 1073152K
  class space    used 3965K, capacity 4153K, committed 4224K, reserved 1048576K
Event: 40,660 GC heap after
Heap after GC invocations=33 (full 3):
 PSYoungGen      total 77312K, used 2924K [0x000000076ab00000, 0x000000076ff80000, 0x00000007c0000000)
  eden space 69120K, 0% used [0x000000076ab00000,0x000000076ab00000,0x000000076ee80000)
  from space 8192K, 35% used [0x000000076f780000,0x000000076fa5b010,0x000000076ff80000)
  to   space 8704K, 0% used [0x000000076ee80000,0x000000076ee80000,0x000000076f700000)
 ParOldGen       total 21504K, used 13722K [0x00000006c0000000, 0x00000006c1500000, 0x000000076ab00000)
  object space 21504K, 63% used [0x00000006c0000000,0x00000006c0d66970,0x00000006c1500000)
 Metaspace       used 28206K, capacity 28660K, committed 28800K, reserved 1073152K
  class space    used 3965K, capacity 4153K, committed 4224K, reserved 1048576K
}

